<?xml version="1.0" encoding="UTF-8"?>
<testsuite xmlns:xsi="http://www.w3.org/2001/XMLSchema-instance" xsi:noNamespaceSchemaLocation="https://maven.apache.org/surefire/maven-surefire-plugin/xsd/surefire-test-report.xsd" name="org.example.DequeNodeTest" time="0.045" tests="11" errors="0" skipped="0" failures="0">
  <properties>
    <property name="java.specification.version" value="17"/>
    <property name="sun.cpu.isalist" value="amd64"/>
    <property name="sun.jnu.encoding" value="Cp1252"/>
    <property name="java.class.path" value="C:\Users\rocio\OneDrive\Desktop\CARRERA\TERCERO\SEGUNDOCUATRI\Mantenimiento de Software\Practica 2 lab\Practica2ManteLab\target\test-classes;C:\Users\rocio\OneDrive\Desktop\CARRERA\TERCERO\SEGUNDOCUATRI\Mantenimiento de Software\Practica 2 lab\Practica2ManteLab\target\classes;C:\Users\rocio\.m2\repository\org\junit\jupiter\junit-jupiter-engine\5.9.2\junit-jupiter-engine-5.9.2.jar;C:\Users\rocio\.m2\repository\org\junit\platform\junit-platform-engine\1.9.2\junit-platform-engine-1.9.2.jar;C:\Users\rocio\.m2\repository\org\opentest4j\opentest4j\1.2.0\opentest4j-1.2.0.jar;C:\Users\rocio\.m2\repository\org\junit\platform\junit-platform-commons\1.9.2\junit-platform-commons-1.9.2.jar;C:\Users\rocio\.m2\repository\org\junit\jupiter\junit-jupiter-api\5.9.2\junit-jupiter-api-5.9.2.jar;C:\Users\rocio\.m2\repository\org\apiguardian\apiguardian-api\1.1.2\apiguardian-api-1.1.2.jar;"/>
    <property name="java.vm.vendor" value="Oracle Corporation"/>
    <property name="sun.arch.data.model" value="64"/>
    <property name="user.variant" value=""/>
    <property name="java.vendor.url" value="https://java.oracle.com/"/>
    <property name="user.timezone" value="Europe/Madrid"/>
    <property name="os.name" value="Windows 10"/>
    <property name="java.vm.specification.version" value="17"/>
    <property name="sun.java.launcher" value="SUN_STANDARD"/>
    <property name="user.country" value="ES"/>
    <property name="sun.boot.library.path" value="C:\Program Files\Java\jdk-17.0.1\bin"/>
    <property name="sun.java.command" value="C:\Users\rocio\AppData\Local\Temp\surefire15035062529750907563\surefirebooter601748403978330830.jar C:\Users\rocio\AppData\Local\Temp\surefire15035062529750907563 2023-03-17T11-31-43_911-jvmRun1 surefire11835112207332741254tmp surefire_04056052702745127032tmp"/>
    <property name="jdk.debug" value="release"/>
    <property name="surefire.test.class.path" value="C:\Users\rocio\OneDrive\Desktop\CARRERA\TERCERO\SEGUNDOCUATRI\Mantenimiento de Software\Practica 2 lab\Practica2ManteLab\target\test-classes;C:\Users\rocio\OneDrive\Desktop\CARRERA\TERCERO\SEGUNDOCUATRI\Mantenimiento de Software\Practica 2 lab\Practica2ManteLab\target\classes;C:\Users\rocio\.m2\repository\org\junit\jupiter\junit-jupiter-engine\5.9.2\junit-jupiter-engine-5.9.2.jar;C:\Users\rocio\.m2\repository\org\junit\platform\junit-platform-engine\1.9.2\junit-platform-engine-1.9.2.jar;C:\Users\rocio\.m2\repository\org\opentest4j\opentest4j\1.2.0\opentest4j-1.2.0.jar;C:\Users\rocio\.m2\repository\org\junit\platform\junit-platform-commons\1.9.2\junit-platform-commons-1.9.2.jar;C:\Users\rocio\.m2\repository\org\junit\jupiter\junit-jupiter-api\5.9.2\junit-jupiter-api-5.9.2.jar;C:\Users\rocio\.m2\repository\org\apiguardian\apiguardian-api\1.1.2\apiguardian-api-1.1.2.jar;"/>
    <property name="sun.cpu.endian" value="little"/>
    <property name="user.home" value="C:\Users\rocio"/>
    <property name="user.language" value="es"/>
    <property name="java.specification.vendor" value="Oracle Corporation"/>
    <property name="java.version.date" value="2021-10-19"/>
    <property name="java.home" value="C:\Program Files\Java\jdk-17.0.1"/>
    <property name="file.separator" value="\"/>
    <property name="basedir" value="C:\Users\rocio\OneDrive\Desktop\CARRERA\TERCERO\SEGUNDOCUATRI\Mantenimiento de Software\Practica 2 lab\Practica2ManteLab"/>
    <property name="java.vm.compressedOopsMode" value="Zero based"/>
    <property name="line.separator" value="&#10;"/>
    <property name="java.vm.specification.vendor" value="Oracle Corporation"/>
    <property name="java.specification.name" value="Java Platform API Specification"/>
    <property name="surefire.real.class.path" value="C:\Users\rocio\AppData\Local\Temp\surefire15035062529750907563\surefirebooter601748403978330830.jar"/>
    <property name="user.script" value=""/>
    <property name="sun.management.compiler" value="HotSpot 64-Bit Tiered Compilers"/>
    <property name="java.runtime.version" value="17.0.1+12-LTS-39"/>
    <property name="user.name" value="rocio"/>
    <property name="path.separator" value=";"/>
    <property name="os.version" value="10.0"/>
    <property name="java.runtime.name" value="Java(TM) SE Runtime Environment"/>
    <property name="file.encoding" value="Cp1252"/>
    <property name="java.vm.name" value="Java HotSpot(TM) 64-Bit Server VM"/>
    <property name="localRepository" value="C:\Users\rocio\.m2\repository"/>
    <property name="java.vendor.url.bug" value="https://bugreport.java.com/bugreport/"/>
    <property name="java.io.tmpdir" value="C:\Users\rocio\AppData\Local\Temp\"/>
    <property name="java.version" value="17.0.1"/>
    <property name="user.dir" value="C:\Users\rocio\OneDrive\Desktop\CARRERA\TERCERO\SEGUNDOCUATRI\Mantenimiento de Software\Practica 2 lab\Practica2ManteLab"/>
    <property name="os.arch" value="amd64"/>
    <property name="java.vm.specification.name" value="Java Virtual Machine Specification"/>
    <property name="sun.os.patch.level" value=""/>
    <property name="native.encoding" value="Cp1252"/>
    <property name="java.library.path" value="C:\Program Files\Java\jdk-17.0.1\bin;C:\Windows\Sun\Java\bin;C:\Windows\system32;C:\Windows;C:\Program Files\Haskell\bin;C:\Program Files\Haskell Platform\8.6.5\lib\extralibs\bin;C:\Program Files\Haskell Platform\8.6.5\bin;C:\Program Files (x86)\Common Files\Intel\Shared Libraries\redist\intel64\compiler;C:\Program Files\Common Files\Oracle\Java\javapath;C:\Program Files (x86)\Common Files\Oracle\Java\javapath;C:\Windows\system32;C:\Windows;C:\Windows\System32\Wbem;C:\Windows\System32\WindowsPowerShell\v1.0\;C:\Windows\System32\OpenSSH\;C:\Program Files\NVIDIA Corporation\NVIDIA NvDLISR;C:\Program Files (x86)\NVIDIA Corporation\PhysX\Common;C:\Program Files\Git\cmd;C:\Program Files (x86)\Calibre2\;C:\Program Files\nodejs\;C:\Program Files\Haskell Platform\8.6.5\mingw\bin;C:\Program Files\Java\jdk-17.0.1;C:\Program Files\MySQL\MySQL Utilities 1.6\;C:\Users\rocio\AppData\Local\Programs\Python\Python311\Scripts\;C:\Users\rocio\AppData\Local\Programs\Python\Python311\;C:\Users\rocio\AppData\Roaming\cabal\bin;C:\Users\rocio\AppData\Roaming\local\bin;C:\Users\rocio\AppData\Local\Microsoft\WindowsApps;C:\Users\rocio\AppData\Local\Programs\Microsoft VS Code\bin;C:\Users\rocio\spicetify-cli;C:\Users\rocio\OneDrive\Desktop\ProgramaCProg\mingw64\bin;C:\Users\rocio\AppData\Local\GitHubDesktop\bin;C:\Users\rocio\AppData\Roaming\npm;C:\Program Files\apache-maven-3.8.7-bin\apache-maven-3.8.7\bin;;."/>
    <property name="java.vm.info" value="mixed mode, sharing"/>
    <property name="java.vendor" value="Oracle Corporation"/>
    <property name="java.vm.version" value="17.0.1+12-LTS-39"/>
    <property name="sun.io.unicode.encoding" value="UnicodeLittle"/>
    <property name="java.class.version" value="61.0"/>
  </properties>
  <testcase name="isInstantiatedWithNew" classname="org.example.DequeNodeTest" time="0.017"/>
  <testcase name="itemCambiado" classname="org.example.DequeNodeTest$cambios" time="0.005"/>
  <testcase name="previoCambiado" classname="org.example.DequeNodeTest$cambios" time="0"/>
  <testcase name="posteriorCambiado" classname="org.example.DequeNodeTest$cambios" time="0"/>
  <testcase name="noEsTerminalNodoTienePrevio" classname="org.example.DequeNodeTest$WhenNew" time="0.001"/>
  <testcase name="noTieneSiguiente" classname="org.example.DequeNodeTest$WhenNew" time="0"/>
  <testcase name="noEsTerminalNodo" classname="org.example.DequeNodeTest$WhenNew" time="0.001"/>
  <testcase name="esUltimoNodo" classname="org.example.DequeNodeTest$WhenNew" time="0"/>
  <testcase name="esPrimerNodo" classname="org.example.DequeNodeTest$WhenNew" time="0.001"/>
  <testcase name="noTienePrevio" classname="org.example.DequeNodeTest$WhenNew" time="0"/>
  <testcase name="isEmpty" classname="org.example.DequeNodeTest$WhenNew" time="0"/>
</testsuite>